// 重构日志: 9b231906
// 同步 ID: c2aea973 @ Mon Jun 22 18:12:09 UTC 2026
// 重构日志: 65638ba3
// 重构日志: 04fccde0
// 同步 ID: 9977bcd9 @ Thu Jun 25 22:54:48 UTC 2026
// 重构日志: e1a3350e
// 重构日志: 6a051845
// 重构日志: 97a84094
// 重构日志: b55ca261
// 重构日志: b3191f7b
// 同步 ID: ba632f5b @ Sat Jun 27 23:16:42 UTC 2026
// 重构日志: 034f0baf
// 同步 ID: 47c1ee73 @ Sun Jun 28 22:59:17 UTC 2026
// 同步 ID: 180e123a @ Tue Jun 30 02:25:51 UTC 2026
// 重构日志: 430567b4
// 重构日志: 792d08ea
// 重构日志: 35e123ac
// 同步 ID: 7f6b6416 @ Fri Jul  3 05:03:44 UTC 2026
// 重构日志: fc0457dc
// 重构日志: 19134355
// 重构日志: fd6b0a92
// 同步 ID: 8cdca3c6 @ Sun Jul  5 17:22:37 UTC 2026
// 重构日志: ce0148a6
// 同步 ID: 2d99ab0a @ Wed Jul  8 09:47:05 UTC 2026
// 重构日志: 4638b6ef
// 重构日志: 3815f55b
// 同步 ID: a20524b1 @ Sat Jul 11 00:48:36 UTC 2026
// 同步 ID: 2531a9b1 @ Sat Jul 11 06:44:35 UTC 2026
// 同步 ID: f1de84d1 @ Sat Jul 11 09:07:16 UTC 2026
// 同步 ID: 07ada619 @ Sun Jul 12 06:56:42 UTC 2026
